The system is: Windows - 10.0.22000 - AMD64
Compiling the C compiler identification source file "CMakeCCompilerId.c" succeeded.
Compiler: C:/Program Files/Microsoft Visual Studio/2022/Community/VC/Tools/MSVC/14.32.31326/bin/Hostx86/x64/cl.exe 
Build flags: 
Id flags:  

The output was:
0
Compilateur d'optimisation Microsoft (R) C/C++ version 19.32.31329 pour x64
Copyright (C) Microsoft Corporation. Tous droits réservés.

CMakeCCompilerId.c
Microsoft (R) Incremental Linker Version 14.32.31329.0
Copyright (C) Microsoft Corporation.  All rights reserved.

/out:CMakeCCompilerId.exe 
CMakeCCompilerId.obj 


Compilation of the C compiler identification source "CMakeCCompilerId.c" produced "CMakeCCompilerId.exe"

Compilation of the C compiler identification source "CMakeCCompilerId.c" produced "CMakeCCompilerId.obj"

The C compiler identification is MSVC, found in "C:/Users/ariel/OneDrive/Bureau/ESGI/Bachelor/Projet Annuel/Library C++/My_Lib_CPP/cmake-build-debug/CMakeFiles/3.22.3/CompilerIdC/CMakeCCompilerId.exe"

Compiling the CXX compiler identification source file "CMakeCXXCompilerId.cpp" succeeded.
Compiler: C:/Program Files/Microsoft Visual Studio/2022/Community/VC/Tools/MSVC/14.32.31326/bin/Hostx86/x64/cl.exe 
Build flags: 
Id flags:  

The output was:
0
Compilateur d'optimisation Microsoft (R) C/C++ version 19.32.31329 pour x64
Copyright (C) Microsoft Corporation. Tous droits réservés.

CMakeCXXCompilerId.cpp
Microsoft (R) Incremental Linker Version 14.32.31329.0
Copyright (C) Microsoft Corporation.  All rights reserved.

/out:CMakeCXXCompilerId.exe 
CMakeCXXCompilerId.obj 


Compilation of the CXX compiler identification source "CMakeCXXCompilerId.cpp" produced "CMakeCXXCompilerId.exe"

Compilation of the CXX compiler identification source "CMakeCXXCompilerId.cpp" produced "CMakeCXXCompilerId.obj"

The CXX compiler identification is MSVC, found in "C:/Users/ariel/OneDrive/Bureau/ESGI/Bachelor/Projet Annuel/Library C++/My_Lib_CPP/cmake-build-debug/CMakeFiles/3.22.3/CompilerIdCXX/CMakeCXXCompilerId.exe"

Detecting C compiler ABI info compiled with the following output:
Change Dir: C:/Users/ariel/OneDrive/Bureau/ESGI/Bachelor/Projet Annuel/Library C++/My_Lib_CPP/cmake-build-debug/CMakeFiles/CMakeTmp

Run Build Command(s):C:/Users/ariel/AppData/Local/JetBrains/Toolbox/apps/CLion/ch-0/221.5591.52/bin/ninja/win/ninja.exe cmTC_e28db && [1/2] Building C object CMakeFiles\cmTC_e28db.dir\CMakeCCompilerABI.c.obj
Remarque : inclusion du fichier :  C:\Users\ariel\AppData\Local\JetBrains\Toolbox\apps\CLion\ch-0\221.5591.52\bin\cmake\win\share\cmake-3.22\Modules\CMakeCompilerABI.h
[2/2] Linking C executable cmTC_e28db.exe



Detecting CXX compiler ABI info compiled with the following output:
Change Dir: C:/Users/ariel/OneDrive/Bureau/ESGI/Bachelor/Projet Annuel/Library C++/My_Lib_CPP/cmake-build-debug/CMakeFiles/CMakeTmp

Run Build Command(s):C:/Users/ariel/AppData/Local/JetBrains/Toolbox/apps/CLion/ch-0/221.5591.52/bin/ninja/win/ninja.exe cmTC_cf553 && [1/2] Building CXX object CMakeFiles\cmTC_cf553.dir\CMakeCXXCompilerABI.cpp.obj
Remarque : inclusion du fichier :  C:\Users\ariel\AppData\Local\JetBrains\Toolbox\apps\CLion\ch-0\221.5591.52\bin\cmake\win\share\cmake-3.22\Modules\CMakeCompilerABI.h
[2/2] Linking CXX executable cmTC_cf553.exe



